  0:00 ------------------------------------------------------------
  0:00 InitGame: \com_maxclients\32\fs_game\mods/mp_gunfight\g_gametype\dm\mapname\mp_mountain\playlist\1\playlist_enabled\0\playlist_entry\0\protocol\4738\scr_team_fftype\0\shortversion\r5304\sv_disableClientConsole\0\sv_floodprotect\4\sv_hostname\BlackOpsPrivate\sv_maxclients\24\sv_maxPing\0\sv_maxRate\5000\sv_minPing\0\sv_pure\0\sv_ranked\0\sv_security\1\sv_voice\1\xblive_basictraining\0\xblive_privatematch\1\xblive_rankedmatch\0\xblive_wagermatch\0
  0:00 InitGame: \com_maxclients\32\fs_game\mods/mp_gunfight\g_gametype\dm\mapname\mp_mountain\playlist\1\playlist_enabled\0\playlist_entry\0\protocol\4738\scr_team_fftype\0\shortversion\r5304\sv_disableClientConsole\0\sv_floodprotect\4\sv_hostname\BlackOpsPrivate\sv_maxclients\24\sv_maxPing\0\sv_maxRate\5000\sv_minPing\0\sv_pure\0\sv_ranked\0\sv_security\1\sv_voice\1\xblive_basictraining\0\xblive_privatematch\1\xblive_rankedmatch\0\xblive_wagermatch\0\g_logTimeStampInSeconds\0
  0:00 J;13955;1;KL9
  0:05 J;0;0;[3arc]democlient
  0:14 ShutdownGame:
  0:14 ------------------------------------------------------------
  0:14 ------------------------------------------------------------
  0:14 InitGame: \com_maxclients\32\fs_game\mods/mp_gunfight\g_gametype\dm\mapname\mp_mountain\playlist\1\playlist_enabled\0\playlist_entry\0\protocol\4738\scr_team_fftype\0\shortversion\r5304\sv_disableClientConsole\0\sv_floodprotect\4\sv_hostname\BlackOpsPrivate\sv_maxclients\24\sv_maxPing\0\sv_maxRate\5000\sv_minPing\0\sv_pure\0\sv_ranked\0\sv_security\1\sv_voice\1\xblive_basictraining\0\xblive_privatematch\1\xblive_rankedmatch\0\xblive_wagermatch\0
  0:14 InitGame: \com_maxclients\32\fs_game\mods/mp_gunfight\g_gametype\dm\mapname\mp_mountain\playlist\1\playlist_enabled\0\playlist_entry\0\protocol\4738\scr_team_fftype\0\shortversion\r5304\sv_disableClientConsole\0\sv_floodprotect\4\sv_hostname\BlackOpsPrivate\sv_maxclients\24\sv_maxPing\0\sv_maxRate\5000\sv_minPing\0\sv_pure\0\sv_ranked\0\sv_security\1\sv_voice\1\xblive_basictraining\0\xblive_privatematch\1\xblive_rankedmatch\0\xblive_wagermatch\0\g_logTimeStampInSeconds\0
  0:15 J;13955;1;KL9
  0:20 J;0;0;[3arc]democlient
  0:54 ShutdownGame:
  0:54 ------------------------------------------------------------
  0:54 ------------------------------------------------------------
  0:54 InitGame: \com_maxclients\32\fs_game\mods/mp_gunfight\g_gametype\dm\mapname\mp_mountain\playlist\1\playlist_enabled\0\playlist_entry\0\protocol\4738\scr_team_fftype\0\shortversion\r5304\sv_disableClientConsole\0\sv_floodprotect\4\sv_hostname\BlackOpsPrivate\sv_maxclients\24\sv_maxPing\0\sv_maxRate\5000\sv_minPing\0\sv_pure\0\sv_ranked\0\sv_security\1\sv_voice\1\xblive_basictraining\0\xblive_privatematch\1\xblive_rankedmatch\0\xblive_wagermatch\0
  0:54 InitGame: \com_maxclients\32\fs_game\mods/mp_gunfight\g_gametype\dm\mapname\mp_mountain\playlist\1\playlist_enabled\0\playlist_entry\0\protocol\4738\scr_team_fftype\0\shortversion\r5304\sv_disableClientConsole\0\sv_floodprotect\4\sv_hostname\BlackOpsPrivate\sv_maxclients\24\sv_maxPing\0\sv_maxRate\5000\sv_minPing\0\sv_pure\0\sv_ranked\0\sv_security\1\sv_voice\1\xblive_basictraining\0\xblive_privatematch\1\xblive_rankedmatch\0\xblive_wagermatch\0\g_logTimeStampInSeconds\0
  0:54 J;13955;1;KL9
  0:54 J;0;0;[3arc]democlient
  1:16 ShutdownGame:
  1:16 ------------------------------------------------------------
  0:00 ------------------------------------------------------------
  0:00 InitGame: \com_maxclients\32\fs_game\mods/mp_gunfight\g_gametype\tdm\mapname\mp_mountain\playlist\1\playlist_enabled\0\playlist_entry\0\protocol\4738\scr_team_fftype\0\shortversion\r5304\sv_disableClientConsole\0\sv_floodprotect\4\sv_hostname\BlackOpsPrivate\sv_maxclients\24\sv_maxPing\0\sv_maxRate\5000\sv_minPing\0\sv_pure\0\sv_ranked\0\sv_security\1\sv_voice\1\xblive_basictraining\0\xblive_privatematch\1\xblive_rankedmatch\0\xblive_wagermatch\0
  0:00 InitGame: \com_maxclients\32\fs_game\mods/mp_gunfight\g_gametype\tdm\mapname\mp_mountain\playlist\1\playlist_enabled\0\playlist_entry\0\protocol\4738\scr_team_fftype\0\shortversion\r5304\sv_disableClientConsole\0\sv_floodprotect\4\sv_hostname\BlackOpsPrivate\sv_maxclients\24\sv_maxPing\0\sv_maxRate\5000\sv_minPing\0\sv_pure\0\sv_ranked\0\sv_security\1\sv_voice\1\xblive_basictraining\0\xblive_privatematch\1\xblive_rankedmatch\0\xblive_wagermatch\0\g_logTimeStampInSeconds\0
  0:00 J;13955;1;KL9
  0:20 J;0;0;[3arc]democlient
  0:52 Q;0;0;[3arc]democlient
  0:57 Q;13955;1;KL9
  0:57 ShutdownGame:
  0:57 ------------------------------------------------------------
  0:00 ------------------------------------------------------------
  0:00 InitGame: \com_maxclients\32\fs_game\mods/mp_gunfight\g_gametype\gf\mapname\mp_mountain\playlist\1\playlist_enabled\0\playlist_entry\0\protocol\4738\scr_team_fftype\0\shortversion\r5304\sv_disableClientConsole\0\sv_floodprotect\4\sv_hostname\BlackOpsPrivate\sv_maxclients\24\sv_maxPing\0\sv_maxRate\5000\sv_minPing\0\sv_pure\0\sv_ranked\0\sv_security\1\sv_voice\1\xblive_basictraining\0\xblive_privatematch\1\xblive_rankedmatch\0\xblive_wagermatch\0
  0:00 InitGame: \com_maxclients\32\fs_game\mods/mp_gunfight\g_gametype\gf\mapname\mp_mountain\playlist\1\playlist_enabled\0\playlist_entry\0\protocol\4738\scr_team_fftype\0\shortversion\r5304\sv_disableClientConsole\0\sv_floodprotect\4\sv_hostname\BlackOpsPrivate\sv_maxclients\24\sv_maxPing\0\sv_maxRate\5000\sv_minPing\0\sv_pure\0\sv_ranked\0\sv_security\1\sv_voice\1\xblive_basictraining\0\xblive_privatematch\1\xblive_rankedmatch\0\xblive_wagermatch\0\g_logTimeStampInSeconds\0
  0:01 J;13955;1;KL9
  0:05 J;0;0;[3arc]democlient
  0:13 K;13955;1;allies;KL9;;-1;world;;none;3000;MOD_FALLING;none
  0:16 K;13955;1;allies;KL9;;-1;world;;none;3000;MOD_FALLING;none
  0:18 K;13955;1;allies;KL9;;-1;world;;none;3000;MOD_FALLING;none
  0:20 K;13955;1;allies;KL9;;-1;world;;none;3000;MOD_FALLING;none
  0:22 K;13955;1;allies;KL9;;-1;world;;none;3000;MOD_FALLING;none
  0:24 K;13955;1;allies;KL9;;-1;world;;none;3000;MOD_FALLING;none
  0:26 K;13955;1;allies;KL9;;-1;world;;none;3000;MOD_FALLING;none
  0:28 K;13955;1;allies;KL9;;-1;world;;none;3000;MOD_FALLING;none
  0:30 K;13955;1;allies;KL9;;-1;world;;none;3000;MOD_FALLING;none
  0:32 K;13955;1;allies;KL9;;-1;world;;none;3000;MOD_FALLING;none
  0:34 K;13955;1;allies;KL9;;-1;world;;none;3000;MOD_FALLING;none
  0:36 K;13955;1;allies;KL9;;-1;world;;none;3000;MOD_FALLING;none
  0:38 K;13955;1;allies;KL9;;-1;world;;none;3000;MOD_FALLING;none
  0:40 K;13955;1;allies;KL9;;-1;world;;none;3000;MOD_FALLING;none
  0:42 K;13955;1;allies;KL9;;-1;world;;none;3000;MOD_FALLING;none
  0:44 K;13955;1;allies;KL9;;-1;world;;none;3000;MOD_FALLING;none
  0:46 K;13955;1;allies;KL9;;-1;world;;none;3000;MOD_FALLING;none
  0:48 K;13955;1;allies;KL9;;-1;world;;none;3000;MOD_FALLING;none
  0:50 K;13955;1;allies;KL9;;-1;world;;none;3000;MOD_FALLING;none
  0:52 K;13955;1;allies;KL9;;-1;world;;none;3000;MOD_FALLING;none
  0:54 K;13955;1;allies;KL9;;-1;world;;none;3000;MOD_FALLING;none
  0:57 K;13955;1;allies;KL9;;-1;world;;none;3000;MOD_FALLING;none
  0:59 K;13955;1;allies;KL9;;-1;world;;none;3000;MOD_FALLING;none
  1:01 K;13955;1;allies;KL9;;-1;world;;none;3000;MOD_FALLING;none
  1:03 K;13955;1;allies;KL9;;-1;world;;none;3000;MOD_FALLING;none
  1:05 K;13955;1;allies;KL9;;-1;world;;none;3000;MOD_FALLING;none
  1:07 K;13955;1;allies;KL9;;-1;world;;none;3000;MOD_FALLING;none
  1:09 K;13955;1;allies;KL9;;-1;world;;none;3000;MOD_FALLING;none
  1:11 K;13955;1;allies;KL9;;-1;world;;none;3000;MOD_FALLING;none
  1:19 ShutdownGame:
  1:19 ------------------------------------------------------------
  1:19 ------------------------------------------------------------
  1:19 InitGame: \com_maxclients\32\fs_game\mods/mp_gunfight\g_gametype\gf\mapname\mp_mountain\playlist\1\playlist_enabled\0\playlist_entry\0\protocol\4738\scr_team_fftype\0\shortversion\r5304\sv_disableClientConsole\0\sv_floodprotect\4\sv_hostname\BlackOpsPrivate\sv_maxclients\24\sv_maxPing\0\sv_maxRate\5000\sv_minPing\0\sv_pure\0\sv_ranked\0\sv_security\1\sv_voice\1\xblive_basictraining\0\xblive_privatematch\1\xblive_rankedmatch\0\xblive_wagermatch\0
  1:19 InitGame: \com_maxclients\32\fs_game\mods/mp_gunfight\g_gametype\gf\mapname\mp_mountain\playlist\1\playlist_enabled\0\playlist_entry\0\protocol\4738\scr_team_fftype\0\shortversion\r5304\sv_disableClientConsole\0\sv_floodprotect\4\sv_hostname\BlackOpsPrivate\sv_maxclients\24\sv_maxPing\0\sv_maxRate\5000\sv_minPing\0\sv_pure\0\sv_ranked\0\sv_security\1\sv_voice\1\xblive_basictraining\0\xblive_privatematch\1\xblive_rankedmatch\0\xblive_wagermatch\0\g_logTimeStampInSeconds\0
  1:19 J;13955;1;KL9
  1:19 J;0;0;[3arc]democlient
  1:20 K;13955;1;allies;KL9;;-1;world;;none;3000;MOD_FALLING;none
  1:22 K;13955;1;allies;KL9;;-1;world;;none;3000;MOD_FALLING;none
  1:24 K;13955;1;allies;KL9;;-1;world;;none;3000;MOD_FALLING;none
  1:26 K;13955;1;allies;KL9;;-1;world;;none;3000;MOD_FALLING;none
  1:28 K;13955;1;allies;KL9;;-1;world;;none;3000;MOD_FALLING;none
  1:30 K;13955;1;allies;KL9;;-1;world;;none;3000;MOD_FALLING;none
  1:32 K;13955;1;allies;KL9;;-1;world;;none;3000;MOD_FALLING;none
  1:34 K;13955;1;allies;KL9;;-1;world;;none;3000;MOD_FALLING;none
  1:36 K;13955;1;allies;KL9;;-1;world;;none;3000;MOD_FALLING;none
  1:38 K;13955;1;allies;KL9;;-1;world;;none;3000;MOD_FALLING;none
  1:40 K;13955;1;allies;KL9;;-1;world;;none;3000;MOD_FALLING;none
  1:42 K;13955;1;allies;KL9;;-1;world;;none;3000;MOD_FALLING;none
  2:17 Q;0;0;[3arc]democlient
  2:22 Q;13955;1;KL9
  2:22 ShutdownGame:
  2:22 ------------------------------------------------------------
  0:00 ------------------------------------------------------------
  0:00 InitGame: \com_maxclients\32\fs_game\mods/mp_gunfight\g_gametype\gf\mapname\mp_nuked\playlist\1\playlist_enabled\0\playlist_entry\0\protocol\4738\scr_team_fftype\0\shortversion\r5304\sv_disableClientConsole\0\sv_floodprotect\4\sv_hostname\BlackOpsPrivate\sv_maxclients\24\sv_maxPing\0\sv_maxRate\5000\sv_minPing\0\sv_pure\0\sv_ranked\0\sv_security\1\sv_voice\1\xblive_basictraining\0\xblive_privatematch\1\xblive_rankedmatch\0\xblive_wagermatch\0
  0:00 InitGame: \com_maxclients\32\fs_game\mods/mp_gunfight\g_gametype\gf\mapname\mp_nuked\playlist\1\playlist_enabled\0\playlist_entry\0\protocol\4738\scr_team_fftype\0\shortversion\r5304\sv_disableClientConsole\0\sv_floodprotect\4\sv_hostname\BlackOpsPrivate\sv_maxclients\24\sv_maxPing\0\sv_maxRate\5000\sv_minPing\0\sv_pure\0\sv_ranked\0\sv_security\1\sv_voice\1\xblive_basictraining\0\xblive_privatematch\1\xblive_rankedmatch\0\xblive_wagermatch\0\g_logTimeStampInSeconds\0
  0:01 J;13955;1;KL9
  0:05 J;0;0;[3arc]democlient
  0:17 D;13955;1;allies;KL9;;-1;world;;none;52;MOD_FALLING;none
  0:17 K;13955;1;allies;KL9;;-1;world;;none;10000;MOD_TRIGGER_HURT;none
  0:19 K;13955;1;allies;KL9;;-1;world;;none;10000;MOD_TRIGGER_HURT;none
  0:21 K;13955;1;allies;KL9;;-1;world;;none;10000;MOD_TRIGGER_HURT;none
  0:23 K;13955;1;allies;KL9;;-1;world;;none;10000;MOD_TRIGGER_HURT;none
  0:25 K;13955;1;allies;KL9;;-1;world;;none;10000;MOD_TRIGGER_HURT;none
  0:27 K;13955;1;allies;KL9;;-1;world;;none;10000;MOD_TRIGGER_HURT;none
  1:04 Q;0;0;[3arc]democlient
  1:09 Q;13955;1;KL9
  1:09 ShutdownGame:
  1:09 ------------------------------------------------------------
  0:00 ------------------------------------------------------------
  0:00 InitGame: \com_maxclients\32\fs_game\mods/mp_gunfight\g_gametype\gf\mapname\mp_mountain\playlist\1\playlist_enabled\0\playlist_entry\0\protocol\4738\scr_team_fftype\0\shortversion\r5304\sv_disableClientConsole\0\sv_floodprotect\4\sv_hostname\BlackOpsPrivate\sv_maxclients\24\sv_maxPing\0\sv_maxRate\5000\sv_minPing\0\sv_pure\0\sv_ranked\0\sv_security\1\sv_voice\1\xblive_basictraining\0\xblive_privatematch\1\xblive_rankedmatch\0\xblive_wagermatch\0
  0:00 InitGame: \com_maxclients\32\fs_game\mods/mp_gunfight\g_gametype\gf\mapname\mp_mountain\playlist\1\playlist_enabled\0\playlist_entry\0\protocol\4738\scr_team_fftype\0\shortversion\r5304\sv_disableClientConsole\0\sv_floodprotect\4\sv_hostname\BlackOpsPrivate\sv_maxclients\24\sv_maxPing\0\sv_maxRate\5000\sv_minPing\0\sv_pure\0\sv_ranked\0\sv_security\1\sv_voice\1\xblive_basictraining\0\xblive_privatematch\1\xblive_rankedmatch\0\xblive_wagermatch\0\g_logTimeStampInSeconds\0
  0:01 J;13955;1;KL9
  0:05 J;0;0;[3arc]democlient
  0:17 K;13955;1;allies;KL9;;-1;world;;none;3000;MOD_FALLING;none
  0:19 K;13955;1;allies;KL9;;-1;world;;none;3000;MOD_FALLING;none
  0:21 K;13955;1;allies;KL9;;-1;world;;none;3000;MOD_FALLING;none
  0:23 K;13955;1;allies;KL9;;-1;world;;none;3000;MOD_FALLING;none
  0:25 K;13955;1;allies;KL9;;-1;world;;none;3000;MOD_FALLING;none
  0:27 K;13955;1;allies;KL9;;-1;world;;none;3000;MOD_FALLING;none
  0:29 K;13955;1;allies;KL9;;-1;world;;none;3000;MOD_FALLING;none
  0:31 K;13955;1;allies;KL9;;-1;world;;none;3000;MOD_FALLING;none
  0:32 ShutdownGame:
  0:32 ------------------------------------------------------------
  0:32 ------------------------------------------------------------
  0:32 InitGame: \com_maxclients\32\fs_game\mods/mp_gunfight\g_gametype\gf\mapname\mp_mountain\playlist\1\playlist_enabled\0\playlist_entry\0\protocol\4738\scr_team_fftype\0\shortversion\r5304\sv_disableClientConsole\0\sv_floodprotect\4\sv_hostname\BlackOpsPrivate\sv_maxclients\24\sv_maxPing\0\sv_maxRate\5000\sv_minPing\0\sv_pure\0\sv_ranked\0\sv_security\1\sv_voice\1\xblive_basictraining\0\xblive_privatematch\1\xblive_rankedmatch\0\xblive_wagermatch\0
  0:32 InitGame: \com_maxclients\32\fs_game\mods/mp_gunfight\g_gametype\gf\mapname\mp_mountain\playlist\1\playlist_enabled\0\playlist_entry\0\protocol\4738\scr_team_fftype\0\shortversion\r5304\sv_disableClientConsole\0\sv_floodprotect\4\sv_hostname\BlackOpsPrivate\sv_maxclients\24\sv_maxPing\0\sv_maxRate\5000\sv_minPing\0\sv_pure\0\sv_ranked\0\sv_security\1\sv_voice\1\xblive_basictraining\0\xblive_privatematch\1\xblive_rankedmatch\0\xblive_wagermatch\0\g_logTimeStampInSeconds\0
  0:34 J;13955;1;KL9
  0:38 J;0;0;[3arc]democlient
  0:48 K;13955;1;allies;KL9;;-1;world;;none;3000;MOD_FALLING;none
  0:50 K;13955;1;allies;KL9;;-1;world;;none;3000;MOD_FALLING;none
  0:51 K;13955;1;allies;KL9;;-1;world;;none;3000;MOD_FALLING;none
  0:53 K;13955;1;allies;KL9;;-1;world;;none;3000;MOD_FALLING;none
  0:55 K;13955;1;allies;KL9;;-1;world;;none;3000;MOD_FALLING;none
  1:30 Q;0;0;[3arc]democlient
  1:32 ShutdownGame:
  1:32 ------------------------------------------------------------
  0:00 ------------------------------------------------------------
  0:00 InitGame: \com_maxclients\32\fs_game\mods/mp_gunfight\g_gametype\duel\mapname\mp_mountain\playlist\1\playlist_enabled\0\playlist_entry\0\protocol\4738\scr_team_fftype\0\shortversion\r5304\sv_disableClientConsole\0\sv_floodprotect\4\sv_hostname\BlackOpsPrivate\sv_maxclients\24\sv_maxPing\0\sv_maxRate\5000\sv_minPing\0\sv_pure\0\sv_ranked\0\sv_security\1\sv_voice\1\xblive_basictraining\0\xblive_privatematch\1\xblive_rankedmatch\0\xblive_wagermatch\0
  0:00 InitGame: \com_maxclients\32\fs_game\mods/mp_gunfight\g_gametype\duel\mapname\mp_mountain\playlist\1\playlist_enabled\0\playlist_entry\0\protocol\4738\scr_team_fftype\0\shortversion\r5304\sv_disableClientConsole\0\sv_floodprotect\4\sv_hostname\BlackOpsPrivate\sv_maxclients\24\sv_maxPing\0\sv_maxRate\5000\sv_minPing\0\sv_pure\0\sv_ranked\0\sv_security\1\sv_voice\1\xblive_basictraining\0\xblive_privatematch\1\xblive_rankedmatch\0\xblive_wagermatch\0\g_logTimeStampInSeconds\0
  0:00 ShutdownGame:
  0:00 ------------------------------------------------------------
